********************************************************************************
DUPLICATOR-LITE PACKAGE-LOG: 29 January 2021 14h41
NOTICE: Do NOT post to public sites or forums 
********************************************************************************
VERSION:	1.3.40.1
WORDPRESS:	5.6
PHP INFO:	7.3.21 | SAPI: apache2handler
SERVER:		Apache/2.4.46 (Win64) PHP/7.3.21 
PHP TIME LIMIT: (0) no time limit imposed 
PHP MAX MEMORY: 4294967296 (256M default) 
MEMORY STACK: 2MB

********************************************************************************
DATABASE:
********************************************************************************
BUILD MODE:   PHP(query limit - 100)
MYSQLTIMEOUT: 5000
MYSQLDUMP:    Not Supported
TABLES: total:22 | filtered:0 | create:22
FILTERED: []
SQL CREATED: 20210129_mw_810e99f786b69a284960_20210129143544_database.sql
SQL FILE SIZE: 2.86MB (3001218)
SQL FILE TIME: 2021-01-29 14:41:02
SQL RUNTIME: 0.70 sec.

********************************************************************************
ARCHIVE (ZIP):
********************************************************************************
ARCHIVE DIR:  C:/wamp64/www/Wordpress/wordpress
ARCHIVE FILE: 20210129_mw_810e99f786b69a284960_20210129143544_archive.zip
FILTERS: *OFF*
DIRS:
	not set
FILES:
	not set
EXTS:  not set
----------------------------------------
COMPRESSING
SIZE:	179.26MB
STATS:	Dirs 938 | Files 5,603
SQL ADDED: 20210129_mw_810e99f786b69a284960_20210129143544_database.sql
ZipArchive Object
(
    [status] => 0
    [statusSys] => 0
    [numFiles] => 6541
    [filename] => C:\wamp64\www\Wordpress\wordpress\wp-content\backups-dup-lite\tmp\20210129_mw_810e99f786b69a284960_20210129143544_archive.zip
    [comment] => 
)

FILE ADDED TO ZIP: 6540
COMPRESSION RESULT: '1'
COMPRESSED SIZE: 88.46MB
ARCHIVE RUNTIME: 147.35 sec.
MEMORY STACK: 6MB
building installer
add_extra_files1
add_extra_files2
add_extra_files3
add_extra_files4
Doing archive file check
add_extra_files5
add_extra_files6
add_extra_files8
Successfully opened zip C:/wamp64/www/Wordpress/wordpress/wp-content/backups-dup-lite/tmp/20210129_mw_810e99f786b69a284960_20210129143544_archive.zip
Adding enhanced installer files to archive using ZipArchive
Installer files added to archive
Added to archive
After ziparchive close when adding installer

********************************************************************************
INTEGRITY CHECKS:
********************************************************************************
SQL FILE: 2.86MB
INSTALLER FILE: 61.28KB
ARCHIVE FILE: 89.97MB 
COMPTE ATTENDU DE FICHIERS/RÉPERTOIRES : 6,541
COMPTE ACTUEL DE FICHIERS/RÉPERTOIRES : 6,540
TEST DE COHÉRENCE D’ARCHIVE : Bon

********************************************************************************
RECORD ID:[1]
TOTAL PROCESS RUNTIME: 149.17 sec.
PEAK PHP MEMORY USED: 8MB
DONE PROCESSING => 20210129_mw 29 January 2021 14h43

